{"/Users/kayehin/Documents/WhiteHat/Assignments/2020-09-28_Restaurants/models.js": {"path":"/Users/kayehin/Documents/WhiteHat/Assignments/2020-09-28_Restaurants/models.js","statementMap":{"0":{"start":{"line":3,"column":8},"end":{"line":3,"column":65}},"1":{"start":{"line":3,"column":19},"end":{"line":3,"column":65}},"2":{"start":{"line":4,"column":8},"end":{"line":4,"column":24}},"3":{"start":{"line":5,"column":8},"end":{"line":5,"column":26}},"4":{"start":{"line":6,"column":8},"end":{"line":6,"column":23}},"5":{"start":{"line":9,"column":8},"end":{"line":9,"column":29}},"6":{"start":{"line":15,"column":8},"end":{"line":15,"column":26}},"7":{"start":{"line":16,"column":8},"end":{"line":16,"column":23}},"8":{"start":{"line":19,"column":8},"end":{"line":19,"column":38}},"9":{"start":{"line":25,"column":8},"end":{"line":25,"column":62}},"10":{"start":{"line":25,"column":20},"end":{"line":25,"column":62}},"11":{"start":{"line":26,"column":8},"end":{"line":26,"column":24}},"12":{"start":{"line":27,"column":8},"end":{"line":27,"column":26}},"13":{"start":{"line":31,"column":0},"end":{"line":35,"column":1}}},"fnMap":{"0":{"name":"(anonymous_0)","decl":{"start":{"line":2,"column":4},"end":{"line":2,"column":5}},"loc":{"start":{"line":2,"column":52},"end":{"line":7,"column":5}},"line":2},"1":{"name":"(anonymous_1)","decl":{"start":{"line":8,"column":4},"end":{"line":8,"column":5}},"loc":{"start":{"line":8,"column":17},"end":{"line":10,"column":5}},"line":8},"2":{"name":"(anonymous_2)","decl":{"start":{"line":14,"column":4},"end":{"line":14,"column":5}},"loc":{"start":{"line":14,"column":25},"end":{"line":17,"column":5}},"line":14},"3":{"name":"(anonymous_3)","decl":{"start":{"line":18,"column":4},"end":{"line":18,"column":5}},"loc":{"start":{"line":18,"column":27},"end":{"line":20,"column":5}},"line":18},"4":{"name":"(anonymous_4)","decl":{"start":{"line":24,"column":4},"end":{"line":24,"column":5}},"loc":{"start":{"line":24,"column":31},"end":{"line":28,"column":5}},"line":24}},"branchMap":{"0":{"loc":{"start":{"line":2,"column":23},"end":{"line":2,"column":49}},"type":"default-arg","locations":[{"start":{"line":2,"column":31},"end":{"line":2,"column":49}}],"line":2},"1":{"loc":{"start":{"line":3,"column":8},"end":{"line":3,"column":65}},"type":"if","locations":[{"start":{"line":3,"column":8},"end":{"line":3,"column":65}},{"start":{"line":3,"column":8},"end":{"line":3,"column":65}}],"line":3},"2":{"loc":{"start":{"line":25,"column":8},"end":{"line":25,"column":62}},"type":"if","locations":[{"start":{"line":25,"column":8},"end":{"line":25,"column":62}},{"start":{"line":25,"column":8},"end":{"line":25,"column":62}}],"line":25}},"s":{"0":3,"1":1,"2":2,"3":2,"4":2,"5":1,"6":3,"7":3,"8":1,"9":2,"10":1,"11":1,"12":1,"13":1},"f":{"0":3,"1":1,"2":3,"3":1,"4":2},"b":{"0":[3],"1":[1,2],"2":[1,1]},"_coverageSchema":"1a1c01bbd47fc00a2c39e90264f33305004495a9","hash":"270a0481629d0de28f4d259c60324d2e38618fb0"}
}
